

Terminals which are not used:

   COMENTARIOSIMPLE
   COMENTARIOCOMPLETO
   ARRAY
   VACIO



Grammar
rule 1    clase -> PUBLIC CLASS ID LLAVEA clase2
rule 2    clase -> error
rule 3    clase2 -> metodomain LLAVEC
rule 4    clase2 -> LLAVEC
rule 5    metodomain -> PUBLIC STATIC VOID ID PARENTA parametro PARENTC LLAVEA cerrarbloque
rule 6    metodomain -> error
rule 7    cerrarbloque -> bloque LLAVEC
rule 8    cerrarbloque -> LLAVEC
rule 9    parametro -> tipo ID
rule 10   parametro -> tipovector ID
rule 11   tipo -> STRING
rule 12   tipo -> CHAR
rule 13   tipo -> INT
rule 14   tipo -> DOUBLE
rule 15   tipovector -> STRING dimensionparam
rule 16   tipovector -> CHAR dimensionparam
rule 17   tipovector -> INT dimensionparam
rule 18   tipovector -> DOUBLE dimensionparam
rule 19   dimensionval -> CORCHETEA ID CORCHETEC
rule 20   dimensionval -> CORCHETEA CTEENTSIGNO CORCHETEC
rule 21   dimensionval -> CORCHETEA CTEENTSINSIGNO CORCHETEC
rule 22   dimensionval -> dimensionval CORCHETEA CTEENTSIGNO CORCHETEC
rule 23   dimensionval -> dimensionval CORCHETEA CTEENTSINSIGNO CORCHETEC
rule 24   dimensionval -> dimensionval CORCHETEA ID CORCHETEC
rule 25   dimensionparam -> CORCHETEA CORCHETEC
rule 26   dimensionparam -> dimensionparam CORCHETEA CORCHETEC
rule 27   bloque -> declaracion
rule 28   bloque -> structfor
rule 29   bloque -> structwhile
rule 30   bloque -> strucif
rule 31   bloque -> bloque declaracion
rule 32   bloque -> bloque structfor
rule 33   bloque -> bloque structwhile
rule 34   bloque -> bloque strucif
rule 35   bloque -> error
rule 36   declaracion -> tipo ID PUNTOYCOMA
rule 37   declaracion -> tipovector ID PUNTOYCOMA
rule 38   declaracion -> tipovector asignacion PUNTOYCOMA
rule 39   declaracion -> tipo asignacion PUNTOYCOMA
rule 40   declaracion -> tipo ID declaracion2 PUNTOYCOMA
rule 41   declaracion -> tipovector ID declaracion2 PUNTOYCOMA
rule 42   declaracion -> tipo asignacion declaracion2 PUNTOYCOMA
rule 43   declaracion -> tipovector asignacion declaracion2 PUNTOYCOMA
rule 44   declaracion -> asignacion PUNTOYCOMA
rule 45   declaracion2 -> COMA asignacion
rule 46   declaracion2 -> declaracion2 COMA asignacion
rule 47   asignacion -> valorasigarit
rule 48   asignacion -> ID OPASIGN CTECADENA
rule 49   asignacion -> valorvector
rule 50   valorvector -> NEW tipo dimensionval
rule 51   valorasigarit -> ID operadoresaritasig
rule 52   valorasigarit -> ID OPMASMAS
rule 53   valorasigarit -> ID OPASIGN operacion
rule 54   valorasigarit -> ID OPMENOSMENOS
rule 55   operadoresaritasig -> OPPORASIGN operacion
rule 56   operadoresaritasig -> OPSUMASIGN operacion
rule 57   operadoresaritasig -> OPSUSASIGN operacion
rule 58   operadoresaritasig -> OPDIVASIGN operacion
rule 59   operacion -> PARENTA operacion PARENTC
rule 60   operacion -> valoroperacion
rule 61   operacion -> constsconsignoarit
rule 62   operacion -> operacion operadoresarit PARENTA operacion PARENTC
rule 63   operacion -> operacion operadoressumasus PARENTA operacion PARENTC
rule 64   operacion -> operacion operadoresarit valoroperacion
rule 65   operacion -> operacion operadoresarit constsconsignoarit
rule 66   operacion -> operacion constsconsignoarit
rule 67   valoroperacion -> constssinsignoarit
rule 68   valoroperacion -> ID
rule 69   constssinsignoarit -> CTEENTSINSIGNO
rule 70   constssinsignoarit -> CTEREALSINSIGNO
rule 71   constsconsignoarit -> CTEREALSIGNO
rule 72   constsconsignoarit -> CTEENTSIGNO
rule 73   operadoressumasus -> OPSUM
rule 74   operadoressumasus -> OPSUS
rule 75   operadoresarit -> OPMULT
rule 76   operadoresarit -> OPDIV
rule 77   operadoresarit -> OPMOD
rule 78   condicion -> condicion operadoreslogconcat verificacion
rule 79   condicion -> verificacion
rule 80   verificacion -> ID operadoreslogarit operacion
rule 81   verificacion -> ID operadoreslogcompa CTECADENA
rule 82   verificacion -> ID operadoreslogcompa operacion
rule 83   verificacion -> ID operadoreslogconcat ID
rule 84   verificacion -> PARENTA verificacion PARENTC
rule 85   verificacion -> OPNO PARENTA verificacion PARENTC
rule 86   operadoreslogconcat -> OPY
rule 87   operadoreslogconcat -> OPO
rule 88   operadoreslogcompa -> OPDIFERENTE
rule 89   operadoreslogcompa -> IGUAL
rule 90   operadoreslogarit -> OPMENORIGUAL
rule 91   operadoreslogarit -> OPMENOR
rule 92   operadoreslogarit -> OPMAYOR
rule 93   operadoreslogarit -> OPMAYORIGUAL
rule 94   structfor -> FOR PARENTA tipo asignacion PUNTOYCOMA for2
rule 95   structfor -> FOR PARENTA asignacion PUNTOYCOMA for2
rule 96   for2 -> condicion PUNTOYCOMA valorasigarit PARENTC LLAVEA for3
rule 97   for3 -> bloque LLAVEC
rule 98   for3 -> LLAVEC
rule 99   structwhile -> WHILE PARENTA condicion PARENTC LLAVEA cerrarbloque
rule 100  structwhile -> WHILE PARENTA ID PARENTC LLAVEA cerrarbloque
rule 101  strucif -> IF PARENTA condicion PARENTC LLAVEA cerrarbloque
rule 102  strucif -> IF PARENTA ID PARENTC LLAVEA cerrarbloque
rule 103  strucif -> strucif strucifelse
rule 104  strucifelse -> ELSE LLAVEA cerrarbloque

Terminals, with rules where they appear

$ (-1)
error (256) 2 6 35
COMA (258) 45 46
CTEREALSIGNO (259) 71
CTEREALSINSIGNO (260) 70
CTEENTSIGNO (261) 20 22 72
CTEENTSINSIGNO (262) 21 23 69
CTECADENA (263) 48 81
PUNTOYCOMA (264) 36 37 38 39 40 41 42 43 44 94 95 96
ELSE (265) 104
IF (266) 101 102
FOR (267) 94 95
WHILE (268) 99 100
DOUBLE (269) 14 18
INT (270) 13 17
STRING (271) 11 15
CHAR (272) 12 16
NEW (273) 50
PUBLIC (274) 1 5
CLASS (275) 1
STATIC (276) 5
VOID (277) 5
ID (278) 1 5 9 10 19 24 36 37 40 41 48 51 52 53 54 68 80 81 82 83 100
    102
COMENTARIOSIMPLE (279)
COMENTARIOCOMPLETO (280)
OPMULT (281) 75
OPSUM (282) 73
OPSUS (283) 74
OPDIV (284) 76
OPASIGN (285) 48 53
OPMOD (286) 77
OPMASMAS (287) 52
OPMENOSMENOS (288) 54
OPPORASIGN (289) 55
OPDIVASIGN (290) 58
OPSUMASIGN (291) 56
OPSUSASIGN (292) 57
LLAVEA (293) 1 5 96 99 100 101 102 104
LLAVEC (294) 3 4 7 8 97 98
PARENTA (295) 5 59 62 63 84 85 94 95 99 100 101 102
PARENTC (296) 5 59 62 63 84 85 96 99 100 101 102
CORCHETEA (297) 19 20 21 22 23 24 25 26
CORCHETEC (298) 19 20 21 22 23 24 25 26
IGUAL (299) 89
ARRAY (300)
OPMENORIGUAL (301) 90
OPMAYORIGUAL (302) 93
OPDIFERENTE (303) 88
OPMAYOR (304) 92
OPMENOR (305) 91
OPY (306) 86
OPO (307) 87
OPNO (308) 85
VACIO (309)

Nonterminals, with rules where they appear

clase (55)
    on left: 1 2
clase2 (56)
    on left: 3 4, on right: 1
metodomain (57)
    on left: 5 6, on right: 3
cerrarbloque (58)
    on left: 7 8, on right: 5 99 100 101 102 104
parametro (59)
    on left: 9 10, on right: 5
tipo (60)
    on left: 11 12 13 14, on right: 9 36 39 40 42 50 94
tipovector (61)
    on left: 15 16 17 18, on right: 10 37 38 41 43
dimensionval (62)
    on left: 19 20 21 22 23 24, on right: 22 23 24 50
dimensionparam (63)
    on left: 25 26, on right: 15 16 17 18 26
bloque (64)
    on left: 27 28 29 30 31 32 33 34 35, on right: 7 31 32 33 34 97
declaracion (65)
    on left: 36 37 38 39 40 41 42 43 44, on right: 27 31
declaracion2 (66)
    on left: 45 46, on right: 40 41 42 43 46
asignacion (67)
    on left: 47 48 49, on right: 38 39 42 43 44 45 46 94 95
valorvector (68)
    on left: 50, on right: 49
valorasigarit (69)
    on left: 51 52 53 54, on right: 47 96
operadoresaritasig (70)
    on left: 55 56 57 58, on right: 51
operacion (71)
    on left: 59 60 61 62 63 64 65 66, on right: 53 55 56 57 58 59 62
    63 64 65 66 80 82
valoroperacion (72)
    on left: 67 68, on right: 60 64
constssinsignoarit (73)
    on left: 69 70, on right: 67
constsconsignoarit (74)
    on left: 71 72, on right: 61 65 66
operadoressumasus (75)
    on left: 73 74, on right: 63
operadoresarit (76)
    on left: 75 76 77, on right: 62 64 65
condicion (77)
    on left: 78 79, on right: 78 96 99 101
verificacion (78)
    on left: 80 81 82 83 84 85, on right: 78 79 84 85
operadoreslogconcat (79)
    on left: 86 87, on right: 78 83
operadoreslogcompa (80)
    on left: 88 89, on right: 81 82
operadoreslogarit (81)
    on left: 90 91 92 93, on right: 80
structfor (82)
    on left: 94 95, on right: 28 32
for2 (83)
    on left: 96, on right: 94 95
for3 (84)
    on left: 97 98, on right: 96
structwhile (85)
    on left: 99 100, on right: 29 33
strucif (86)
    on left: 101 102 103, on right: 30 34 103
strucifelse (87)
    on left: 104, on right: 103


state 0

    error	shift, and go to state 1
    PUBLIC	shift, and go to state 2

    clase	go to state 207



state 1

    clase  ->  error .   (rule 2)

    $default	reduce using rule 2 (clase)



state 2

    clase  ->  PUBLIC . CLASS ID LLAVEA clase2   (rule 1)

    CLASS	shift, and go to state 3



state 3

    clase  ->  PUBLIC CLASS . ID LLAVEA clase2   (rule 1)

    ID  	shift, and go to state 4



state 4

    clase  ->  PUBLIC CLASS ID . LLAVEA clase2   (rule 1)

    LLAVEA	shift, and go to state 5



state 5

    clase  ->  PUBLIC CLASS ID LLAVEA . clase2   (rule 1)

    error	shift, and go to state 6
    PUBLIC	shift, and go to state 7
    LLAVEC	shift, and go to state 8

    clase2	go to state 9
    metodomain	go to state 10



state 6

    metodomain  ->  error .   (rule 6)

    $default	reduce using rule 6 (metodomain)



state 7

    metodomain  ->  PUBLIC . STATIC VOID ID PARENTA parametro PARENTC LLAVEA cerrarbloque   (rule 5)

    STATIC	shift, and go to state 11



state 8

    clase2  ->  LLAVEC .   (rule 4)

    $default	reduce using rule 4 (clase2)



state 9

    clase  ->  PUBLIC CLASS ID LLAVEA clase2 .   (rule 1)

    $default	reduce using rule 1 (clase)



state 10

    clase2  ->  metodomain . LLAVEC   (rule 3)

    LLAVEC	shift, and go to state 12



state 11

    metodomain  ->  PUBLIC STATIC . VOID ID PARENTA parametro PARENTC LLAVEA cerrarbloque   (rule 5)

    VOID	shift, and go to state 13



state 12

    clase2  ->  metodomain LLAVEC .   (rule 3)

    $default	reduce using rule 3 (clase2)



state 13

    metodomain  ->  PUBLIC STATIC VOID . ID PARENTA parametro PARENTC LLAVEA cerrarbloque   (rule 5)

    ID  	shift, and go to state 14



state 14

    metodomain  ->  PUBLIC STATIC VOID ID . PARENTA parametro PARENTC LLAVEA cerrarbloque   (rule 5)

    PARENTA	shift, and go to state 15



state 15

    metodomain  ->  PUBLIC STATIC VOID ID PARENTA . parametro PARENTC LLAVEA cerrarbloque   (rule 5)

    DOUBLE	shift, and go to state 16
    INT 	shift, and go to state 17
    STRING	shift, and go to state 18
    CHAR	shift, and go to state 19

    parametro	go to state 20
    tipo	go to state 21
    tipovector	go to state 22



state 16

    tipo  ->  DOUBLE .   (rule 14)
    tipovector  ->  DOUBLE . dimensionparam   (rule 18)

    CORCHETEA	shift, and go to state 23

    $default	reduce using rule 14 (tipo)

    dimensionparam	go to state 24



state 17

    tipo  ->  INT .   (rule 13)
    tipovector  ->  INT . dimensionparam   (rule 17)

    CORCHETEA	shift, and go to state 23

    $default	reduce using rule 13 (tipo)

    dimensionparam	go to state 25



state 18

    tipo  ->  STRING .   (rule 11)
    tipovector  ->  STRING . dimensionparam   (rule 15)

    CORCHETEA	shift, and go to state 23

    $default	reduce using rule 11 (tipo)

    dimensionparam	go to state 26



state 19

    tipo  ->  CHAR .   (rule 12)
    tipovector  ->  CHAR . dimensionparam   (rule 16)

    CORCHETEA	shift, and go to state 23

    $default	reduce using rule 12 (tipo)

    dimensionparam	go to state 27



state 20

    metodomain  ->  PUBLIC STATIC VOID ID PARENTA parametro . PARENTC LLAVEA cerrarbloque   (rule 5)

    PARENTC	shift, and go to state 28



state 21

    parametro  ->  tipo . ID   (rule 9)

    ID  	shift, and go to state 29



state 22

    parametro  ->  tipovector . ID   (rule 10)

    ID  	shift, and go to state 30



state 23

    dimensionparam  ->  CORCHETEA . CORCHETEC   (rule 25)

    CORCHETEC	shift, and go to state 31



state 24

    tipovector  ->  DOUBLE dimensionparam .   (rule 18)
    dimensionparam  ->  dimensionparam . CORCHETEA CORCHETEC   (rule 26)

    CORCHETEA	shift, and go to state 32

    $default	reduce using rule 18 (tipovector)



state 25

    tipovector  ->  INT dimensionparam .   (rule 17)
    dimensionparam  ->  dimensionparam . CORCHETEA CORCHETEC   (rule 26)

    CORCHETEA	shift, and go to state 32

    $default	reduce using rule 17 (tipovector)



state 26

    tipovector  ->  STRING dimensionparam .   (rule 15)
    dimensionparam  ->  dimensionparam . CORCHETEA CORCHETEC   (rule 26)

    CORCHETEA	shift, and go to state 32

    $default	reduce using rule 15 (tipovector)



state 27

    tipovector  ->  CHAR dimensionparam .   (rule 16)
    dimensionparam  ->  dimensionparam . CORCHETEA CORCHETEC   (rule 26)

    CORCHETEA	shift, and go to state 32

    $default	reduce using rule 16 (tipovector)



state 28

    metodomain  ->  PUBLIC STATIC VOID ID PARENTA parametro PARENTC . LLAVEA cerrarbloque   (rule 5)

    LLAVEA	shift, and go to state 33



state 29

    parametro  ->  tipo ID .   (rule 9)

    $default	reduce using rule 9 (parametro)



state 30

    parametro  ->  tipovector ID .   (rule 10)

    $default	reduce using rule 10 (parametro)



state 31

    dimensionparam  ->  CORCHETEA CORCHETEC .   (rule 25)

    $default	reduce using rule 25 (dimensionparam)



state 32

    dimensionparam  ->  dimensionparam CORCHETEA . CORCHETEC   (rule 26)

    CORCHETEC	shift, and go to state 34



state 33

    metodomain  ->  PUBLIC STATIC VOID ID PARENTA parametro PARENTC LLAVEA . cerrarbloque   (rule 5)

    error	shift, and go to state 35
    IF  	shift, and go to state 36
    FOR 	shift, and go to state 37
    WHILE	shift, and go to state 38
    DOUBLE	shift, and go to state 16
    INT 	shift, and go to state 17
    STRING	shift, and go to state 18
    CHAR	shift, and go to state 19
    NEW 	shift, and go to state 39
    ID  	shift, and go to state 40
    LLAVEC	shift, and go to state 41

    cerrarbloque	go to state 42
    tipo	go to state 43
    tipovector	go to state 44
    bloque	go to state 45
    declaracion	go to state 46
    asignacion	go to state 47
    valorvector	go to state 48
    valorasigarit	go to state 49
    structfor	go to state 50
    structwhile	go to state 51
    strucif	go to state 52



state 34

    dimensionparam  ->  dimensionparam CORCHETEA CORCHETEC .   (rule 26)

    $default	reduce using rule 26 (dimensionparam)



state 35

    bloque  ->  error .   (rule 35)

    $default	reduce using rule 35 (bloque)



state 36

    strucif  ->  IF . PARENTA condicion PARENTC LLAVEA cerrarbloque   (rule 101)
    strucif  ->  IF . PARENTA ID PARENTC LLAVEA cerrarbloque   (rule 102)

    PARENTA	shift, and go to state 53



state 37

    structfor  ->  FOR . PARENTA tipo asignacion PUNTOYCOMA for2   (rule 94)
    structfor  ->  FOR . PARENTA asignacion PUNTOYCOMA for2   (rule 95)

    PARENTA	shift, and go to state 54



state 38

    structwhile  ->  WHILE . PARENTA condicion PARENTC LLAVEA cerrarbloque   (rule 99)
    structwhile  ->  WHILE . PARENTA ID PARENTC LLAVEA cerrarbloque   (rule 100)

    PARENTA	shift, and go to state 55



state 39

    valorvector  ->  NEW . tipo dimensionval   (rule 50)

    DOUBLE	shift, and go to state 56
    INT 	shift, and go to state 57
    STRING	shift, and go to state 58
    CHAR	shift, and go to state 59

    tipo	go to state 60



state 40

    asignacion  ->  ID . OPASIGN CTECADENA   (rule 48)
    valorasigarit  ->  ID . operadoresaritasig   (rule 51)
    valorasigarit  ->  ID . OPMASMAS   (rule 52)
    valorasigarit  ->  ID . OPASIGN operacion   (rule 53)
    valorasigarit  ->  ID . OPMENOSMENOS   (rule 54)

    OPASIGN	shift, and go to state 61
    OPMASMAS	shift, and go to state 62
    OPMENOSMENOS	shift, and go to state 63
    OPPORASIGN	shift, and go to state 64
    OPDIVASIGN	shift, and go to state 65
    OPSUMASIGN	shift, and go to state 66
    OPSUSASIGN	shift, and go to state 67

    operadoresaritasig	go to state 68



state 41

    cerrarbloque  ->  LLAVEC .   (rule 8)

    $default	reduce using rule 8 (cerrarbloque)



state 42

    metodomain  ->  PUBLIC STATIC VOID ID PARENTA parametro PARENTC LLAVEA cerrarbloque .   (rule 5)

    $default	reduce using rule 5 (metodomain)



state 43

    declaracion  ->  tipo . ID PUNTOYCOMA   (rule 36)
    declaracion  ->  tipo . asignacion PUNTOYCOMA   (rule 39)
    declaracion  ->  tipo . ID declaracion2 PUNTOYCOMA   (rule 40)
    declaracion  ->  tipo . asignacion declaracion2 PUNTOYCOMA   (rule 42)

    NEW 	shift, and go to state 39
    ID  	shift, and go to state 69

    asignacion	go to state 70
    valorvector	go to state 48
    valorasigarit	go to state 49



state 44

    declaracion  ->  tipovector . ID PUNTOYCOMA   (rule 37)
    declaracion  ->  tipovector . asignacion PUNTOYCOMA   (rule 38)
    declaracion  ->  tipovector . ID declaracion2 PUNTOYCOMA   (rule 41)
    declaracion  ->  tipovector . asignacion declaracion2 PUNTOYCOMA   (rule 43)

    NEW 	shift, and go to state 39
    ID  	shift, and go to state 71

    asignacion	go to state 72
    valorvector	go to state 48
    valorasigarit	go to state 49



state 45

    cerrarbloque  ->  bloque . LLAVEC   (rule 7)
    bloque  ->  bloque . declaracion   (rule 31)
    bloque  ->  bloque . structfor   (rule 32)
    bloque  ->  bloque . structwhile   (rule 33)
    bloque  ->  bloque . strucif   (rule 34)

    IF  	shift, and go to state 36
    FOR 	shift, and go to state 37
    WHILE	shift, and go to state 38
    DOUBLE	shift, and go to state 16
    INT 	shift, and go to state 17
    STRING	shift, and go to state 18
    CHAR	shift, and go to state 19
    NEW 	shift, and go to state 39
    ID  	shift, and go to state 40
    LLAVEC	shift, and go to state 73

    tipo	go to state 43
    tipovector	go to state 44
    declaracion	go to state 74
    asignacion	go to state 47
    valorvector	go to state 48
    valorasigarit	go to state 49
    structfor	go to state 75
    structwhile	go to state 76
    strucif	go to state 77



state 46

    bloque  ->  declaracion .   (rule 27)

    $default	reduce using rule 27 (bloque)



state 47

    declaracion  ->  asignacion . PUNTOYCOMA   (rule 44)

    PUNTOYCOMA	shift, and go to state 78



state 48

    asignacion  ->  valorvector .   (rule 49)

    $default	reduce using rule 49 (asignacion)



state 49

    asignacion  ->  valorasigarit .   (rule 47)

    $default	reduce using rule 47 (asignacion)



state 50

    bloque  ->  structfor .   (rule 28)

    $default	reduce using rule 28 (bloque)



state 51

    bloque  ->  structwhile .   (rule 29)

    $default	reduce using rule 29 (bloque)



state 52

    bloque  ->  strucif .   (rule 30)
    strucif  ->  strucif . strucifelse   (rule 103)

    ELSE	shift, and go to state 79

    $default	reduce using rule 30 (bloque)

    strucifelse	go to state 80



state 53

    strucif  ->  IF PARENTA . condicion PARENTC LLAVEA cerrarbloque   (rule 101)
    strucif  ->  IF PARENTA . ID PARENTC LLAVEA cerrarbloque   (rule 102)

    ID  	shift, and go to state 81
    PARENTA	shift, and go to state 82
    OPNO	shift, and go to state 83

    condicion	go to state 84
    verificacion	go to state 85



state 54

    structfor  ->  FOR PARENTA . tipo asignacion PUNTOYCOMA for2   (rule 94)
    structfor  ->  FOR PARENTA . asignacion PUNTOYCOMA for2   (rule 95)

    DOUBLE	shift, and go to state 56
    INT 	shift, and go to state 57
    STRING	shift, and go to state 58
    CHAR	shift, and go to state 59
    NEW 	shift, and go to state 39
    ID  	shift, and go to state 40

    tipo	go to state 86
    asignacion	go to state 87
    valorvector	go to state 48
    valorasigarit	go to state 49



state 55

    structwhile  ->  WHILE PARENTA . condicion PARENTC LLAVEA cerrarbloque   (rule 99)
    structwhile  ->  WHILE PARENTA . ID PARENTC LLAVEA cerrarbloque   (rule 100)

    ID  	shift, and go to state 88
    PARENTA	shift, and go to state 82
    OPNO	shift, and go to state 83

    condicion	go to state 89
    verificacion	go to state 85



state 56

    tipo  ->  DOUBLE .   (rule 14)

    $default	reduce using rule 14 (tipo)



state 57

    tipo  ->  INT .   (rule 13)

    $default	reduce using rule 13 (tipo)



state 58

    tipo  ->  STRING .   (rule 11)

    $default	reduce using rule 11 (tipo)



state 59

    tipo  ->  CHAR .   (rule 12)

    $default	reduce using rule 12 (tipo)



state 60

    valorvector  ->  NEW tipo . dimensionval   (rule 50)

    CORCHETEA	shift, and go to state 90

    dimensionval	go to state 91



state 61

    asignacion  ->  ID OPASIGN . CTECADENA   (rule 48)
    valorasigarit  ->  ID OPASIGN . operacion   (rule 53)

    CTEREALSIGNO	shift, and go to state 92
    CTEREALSINSIGNO	shift, and go to state 93
    CTEENTSIGNO	shift, and go to state 94
    CTEENTSINSIGNO	shift, and go to state 95
    CTECADENA	shift, and go to state 96
    ID  	shift, and go to state 97
    PARENTA	shift, and go to state 98

    operacion	go to state 99
    valoroperacion	go to state 100
    constssinsignoarit	go to state 101
    constsconsignoarit	go to state 102



state 62

    valorasigarit  ->  ID OPMASMAS .   (rule 52)

    $default	reduce using rule 52 (valorasigarit)



state 63

    valorasigarit  ->  ID OPMENOSMENOS .   (rule 54)

    $default	reduce using rule 54 (valorasigarit)



state 64

    operadoresaritasig  ->  OPPORASIGN . operacion   (rule 55)

    CTEREALSIGNO	shift, and go to state 92
    CTEREALSINSIGNO	shift, and go to state 93
    CTEENTSIGNO	shift, and go to state 94
    CTEENTSINSIGNO	shift, and go to state 95
    ID  	shift, and go to state 97
    PARENTA	shift, and go to state 98

    operacion	go to state 103
    valoroperacion	go to state 100
    constssinsignoarit	go to state 101
    constsconsignoarit	go to state 102



state 65

    operadoresaritasig  ->  OPDIVASIGN . operacion   (rule 58)

    CTEREALSIGNO	shift, and go to state 92
    CTEREALSINSIGNO	shift, and go to state 93
    CTEENTSIGNO	shift, and go to state 94
    CTEENTSINSIGNO	shift, and go to state 95
    ID  	shift, and go to state 97
    PARENTA	shift, and go to state 98

    operacion	go to state 104
    valoroperacion	go to state 100
    constssinsignoarit	go to state 101
    constsconsignoarit	go to state 102



state 66

    operadoresaritasig  ->  OPSUMASIGN . operacion   (rule 56)

    CTEREALSIGNO	shift, and go to state 92
    CTEREALSINSIGNO	shift, and go to state 93
    CTEENTSIGNO	shift, and go to state 94
    CTEENTSINSIGNO	shift, and go to state 95
    ID  	shift, and go to state 97
    PARENTA	shift, and go to state 98

    operacion	go to state 105
    valoroperacion	go to state 100
    constssinsignoarit	go to state 101
    constsconsignoarit	go to state 102



state 67

    operadoresaritasig  ->  OPSUSASIGN . operacion   (rule 57)

    CTEREALSIGNO	shift, and go to state 92
    CTEREALSINSIGNO	shift, and go to state 93
    CTEENTSIGNO	shift, and go to state 94
    CTEENTSINSIGNO	shift, and go to state 95
    ID  	shift, and go to state 97
    PARENTA	shift, and go to state 98

    operacion	go to state 106
    valoroperacion	go to state 100
    constssinsignoarit	go to state 101
    constsconsignoarit	go to state 102



state 68

    valorasigarit  ->  ID operadoresaritasig .   (rule 51)

    $default	reduce using rule 51 (valorasigarit)



state 69

    declaracion  ->  tipo ID . PUNTOYCOMA   (rule 36)
    declaracion  ->  tipo ID . declaracion2 PUNTOYCOMA   (rule 40)
    asignacion  ->  ID . OPASIGN CTECADENA   (rule 48)
    valorasigarit  ->  ID . operadoresaritasig   (rule 51)
    valorasigarit  ->  ID . OPMASMAS   (rule 52)
    valorasigarit  ->  ID . OPASIGN operacion   (rule 53)
    valorasigarit  ->  ID . OPMENOSMENOS   (rule 54)

    COMA	shift, and go to state 107
    PUNTOYCOMA	shift, and go to state 108
    OPASIGN	shift, and go to state 61
    OPMASMAS	shift, and go to state 62
    OPMENOSMENOS	shift, and go to state 63
    OPPORASIGN	shift, and go to state 64
    OPDIVASIGN	shift, and go to state 65
    OPSUMASIGN	shift, and go to state 66
    OPSUSASIGN	shift, and go to state 67

    declaracion2	go to state 109
    operadoresaritasig	go to state 68



state 70

    declaracion  ->  tipo asignacion . PUNTOYCOMA   (rule 39)
    declaracion  ->  tipo asignacion . declaracion2 PUNTOYCOMA   (rule 42)

    COMA	shift, and go to state 107
    PUNTOYCOMA	shift, and go to state 110

    declaracion2	go to state 111



state 71

    declaracion  ->  tipovector ID . PUNTOYCOMA   (rule 37)
    declaracion  ->  tipovector ID . declaracion2 PUNTOYCOMA   (rule 41)
    asignacion  ->  ID . OPASIGN CTECADENA   (rule 48)
    valorasigarit  ->  ID . operadoresaritasig   (rule 51)
    valorasigarit  ->  ID . OPMASMAS   (rule 52)
    valorasigarit  ->  ID . OPASIGN operacion   (rule 53)
    valorasigarit  ->  ID . OPMENOSMENOS   (rule 54)

    COMA	shift, and go to state 107
    PUNTOYCOMA	shift, and go to state 112
    OPASIGN	shift, and go to state 61
    OPMASMAS	shift, and go to state 62
    OPMENOSMENOS	shift, and go to state 63
    OPPORASIGN	shift, and go to state 64
    OPDIVASIGN	shift, and go to state 65
    OPSUMASIGN	shift, and go to state 66
    OPSUSASIGN	shift, and go to state 67

    declaracion2	go to state 113
    operadoresaritasig	go to state 68



state 72

    declaracion  ->  tipovector asignacion . PUNTOYCOMA   (rule 38)
    declaracion  ->  tipovector asignacion . declaracion2 PUNTOYCOMA   (rule 43)

    COMA	shift, and go to state 107
    PUNTOYCOMA	shift, and go to state 114

    declaracion2	go to state 115



state 73

    cerrarbloque  ->  bloque LLAVEC .   (rule 7)

    $default	reduce using rule 7 (cerrarbloque)



state 74

    bloque  ->  bloque declaracion .   (rule 31)

    $default	reduce using rule 31 (bloque)



state 75

    bloque  ->  bloque structfor .   (rule 32)

    $default	reduce using rule 32 (bloque)



state 76

    bloque  ->  bloque structwhile .   (rule 33)

    $default	reduce using rule 33 (bloque)



state 77

    bloque  ->  bloque strucif .   (rule 34)
    strucif  ->  strucif . strucifelse   (rule 103)

    ELSE	shift, and go to state 79

    $default	reduce using rule 34 (bloque)

    strucifelse	go to state 80



state 78

    declaracion  ->  asignacion PUNTOYCOMA .   (rule 44)

    $default	reduce using rule 44 (declaracion)



state 79

    strucifelse  ->  ELSE . LLAVEA cerrarbloque   (rule 104)

    LLAVEA	shift, and go to state 116



state 80

    strucif  ->  strucif strucifelse .   (rule 103)

    $default	reduce using rule 103 (strucif)



state 81

    verificacion  ->  ID . operadoreslogarit operacion   (rule 80)
    verificacion  ->  ID . operadoreslogcompa CTECADENA   (rule 81)
    verificacion  ->  ID . operadoreslogcompa operacion   (rule 82)
    verificacion  ->  ID . operadoreslogconcat ID   (rule 83)
    strucif  ->  IF PARENTA ID . PARENTC LLAVEA cerrarbloque   (rule 102)

    PARENTC	shift, and go to state 117
    IGUAL	shift, and go to state 118
    OPMENORIGUAL	shift, and go to state 119
    OPMAYORIGUAL	shift, and go to state 120
    OPDIFERENTE	shift, and go to state 121
    OPMAYOR	shift, and go to state 122
    OPMENOR	shift, and go to state 123
    OPY 	shift, and go to state 124
    OPO 	shift, and go to state 125

    operadoreslogconcat	go to state 126
    operadoreslogcompa	go to state 127
    operadoreslogarit	go to state 128



state 82

    verificacion  ->  PARENTA . verificacion PARENTC   (rule 84)

    ID  	shift, and go to state 129
    PARENTA	shift, and go to state 82
    OPNO	shift, and go to state 83

    verificacion	go to state 130



state 83

    verificacion  ->  OPNO . PARENTA verificacion PARENTC   (rule 85)

    PARENTA	shift, and go to state 131



state 84

    condicion  ->  condicion . operadoreslogconcat verificacion   (rule 78)
    strucif  ->  IF PARENTA condicion . PARENTC LLAVEA cerrarbloque   (rule 101)

    PARENTC	shift, and go to state 132
    OPY 	shift, and go to state 124
    OPO 	shift, and go to state 125

    operadoreslogconcat	go to state 133



state 85

    condicion  ->  verificacion .   (rule 79)

    $default	reduce using rule 79 (condicion)



state 86

    structfor  ->  FOR PARENTA tipo . asignacion PUNTOYCOMA for2   (rule 94)

    NEW 	shift, and go to state 39
    ID  	shift, and go to state 40

    asignacion	go to state 134
    valorvector	go to state 48
    valorasigarit	go to state 49



state 87

    structfor  ->  FOR PARENTA asignacion . PUNTOYCOMA for2   (rule 95)

    PUNTOYCOMA	shift, and go to state 135



state 88

    verificacion  ->  ID . operadoreslogarit operacion   (rule 80)
    verificacion  ->  ID . operadoreslogcompa CTECADENA   (rule 81)
    verificacion  ->  ID . operadoreslogcompa operacion   (rule 82)
    verificacion  ->  ID . operadoreslogconcat ID   (rule 83)
    structwhile  ->  WHILE PARENTA ID . PARENTC LLAVEA cerrarbloque   (rule 100)

    PARENTC	shift, and go to state 136
    IGUAL	shift, and go to state 118
    OPMENORIGUAL	shift, and go to state 119
    OPMAYORIGUAL	shift, and go to state 120
    OPDIFERENTE	shift, and go to state 121
    OPMAYOR	shift, and go to state 122
    OPMENOR	shift, and go to state 123
    OPY 	shift, and go to state 124
    OPO 	shift, and go to state 125

    operadoreslogconcat	go to state 126
    operadoreslogcompa	go to state 127
    operadoreslogarit	go to state 128



state 89

    condicion  ->  condicion . operadoreslogconcat verificacion   (rule 78)
    structwhile  ->  WHILE PARENTA condicion . PARENTC LLAVEA cerrarbloque   (rule 99)

    PARENTC	shift, and go to state 137
    OPY 	shift, and go to state 124
    OPO 	shift, and go to state 125

    operadoreslogconcat	go to state 133



state 90

    dimensionval  ->  CORCHETEA . ID CORCHETEC   (rule 19)
    dimensionval  ->  CORCHETEA . CTEENTSIGNO CORCHETEC   (rule 20)
    dimensionval  ->  CORCHETEA . CTEENTSINSIGNO CORCHETEC   (rule 21)

    CTEENTSIGNO	shift, and go to state 138
    CTEENTSINSIGNO	shift, and go to state 139
    ID  	shift, and go to state 140



state 91

    dimensionval  ->  dimensionval . CORCHETEA CTEENTSIGNO CORCHETEC   (rule 22)
    dimensionval  ->  dimensionval . CORCHETEA CTEENTSINSIGNO CORCHETEC   (rule 23)
    dimensionval  ->  dimensionval . CORCHETEA ID CORCHETEC   (rule 24)
    valorvector  ->  NEW tipo dimensionval .   (rule 50)

    CORCHETEA	shift, and go to state 141

    $default	reduce using rule 50 (valorvector)



state 92

    constsconsignoarit  ->  CTEREALSIGNO .   (rule 71)

    $default	reduce using rule 71 (constsconsignoarit)



state 93

    constssinsignoarit  ->  CTEREALSINSIGNO .   (rule 70)

    $default	reduce using rule 70 (constssinsignoarit)



state 94

    constsconsignoarit  ->  CTEENTSIGNO .   (rule 72)

    $default	reduce using rule 72 (constsconsignoarit)



state 95

    constssinsignoarit  ->  CTEENTSINSIGNO .   (rule 69)

    $default	reduce using rule 69 (constssinsignoarit)



state 96

    asignacion  ->  ID OPASIGN CTECADENA .   (rule 48)

    $default	reduce using rule 48 (asignacion)



state 97

    valoroperacion  ->  ID .   (rule 68)

    $default	reduce using rule 68 (valoroperacion)



state 98

    operacion  ->  PARENTA . operacion PARENTC   (rule 59)

    CTEREALSIGNO	shift, and go to state 92
    CTEREALSINSIGNO	shift, and go to state 93
    CTEENTSIGNO	shift, and go to state 94
    CTEENTSINSIGNO	shift, and go to state 95
    ID  	shift, and go to state 97
    PARENTA	shift, and go to state 98

    operacion	go to state 142
    valoroperacion	go to state 100
    constssinsignoarit	go to state 101
    constsconsignoarit	go to state 102



state 99

    valorasigarit  ->  ID OPASIGN operacion .   (rule 53)
    operacion  ->  operacion . operadoresarit PARENTA operacion PARENTC   (rule 62)
    operacion  ->  operacion . operadoressumasus PARENTA operacion PARENTC   (rule 63)
    operacion  ->  operacion . operadoresarit valoroperacion   (rule 64)
    operacion  ->  operacion . operadoresarit constsconsignoarit   (rule 65)
    operacion  ->  operacion . constsconsignoarit   (rule 66)

    CTEREALSIGNO	shift, and go to state 92
    CTEENTSIGNO	shift, and go to state 94
    OPMULT	shift, and go to state 143
    OPSUM	shift, and go to state 144
    OPSUS	shift, and go to state 145
    OPDIV	shift, and go to state 146
    OPMOD	shift, and go to state 147

    $default	reduce using rule 53 (valorasigarit)

    constsconsignoarit	go to state 148
    operadoressumasus	go to state 149
    operadoresarit	go to state 150



state 100

    operacion  ->  valoroperacion .   (rule 60)

    $default	reduce using rule 60 (operacion)



state 101

    valoroperacion  ->  constssinsignoarit .   (rule 67)

    $default	reduce using rule 67 (valoroperacion)



state 102

    operacion  ->  constsconsignoarit .   (rule 61)

    $default	reduce using rule 61 (operacion)



state 103

    operadoresaritasig  ->  OPPORASIGN operacion .   (rule 55)
    operacion  ->  operacion . operadoresarit PARENTA operacion PARENTC   (rule 62)
    operacion  ->  operacion . operadoressumasus PARENTA operacion PARENTC   (rule 63)
    operacion  ->  operacion . operadoresarit valoroperacion   (rule 64)
    operacion  ->  operacion . operadoresarit constsconsignoarit   (rule 65)
    operacion  ->  operacion . constsconsignoarit   (rule 66)

    CTEREALSIGNO	shift, and go to state 92
    CTEENTSIGNO	shift, and go to state 94
    OPMULT	shift, and go to state 143
    OPSUM	shift, and go to state 144
    OPSUS	shift, and go to state 145
    OPDIV	shift, and go to state 146
    OPMOD	shift, and go to state 147

    $default	reduce using rule 55 (operadoresaritasig)

    constsconsignoarit	go to state 148
    operadoressumasus	go to state 149
    operadoresarit	go to state 150



state 104

    operadoresaritasig  ->  OPDIVASIGN operacion .   (rule 58)
    operacion  ->  operacion . operadoresarit PARENTA operacion PARENTC   (rule 62)
    operacion  ->  operacion . operadoressumasus PARENTA operacion PARENTC   (rule 63)
    operacion  ->  operacion . operadoresarit valoroperacion   (rule 64)
    operacion  ->  operacion . operadoresarit constsconsignoarit   (rule 65)
    operacion  ->  operacion . constsconsignoarit   (rule 66)

    CTEREALSIGNO	shift, and go to state 92
    CTEENTSIGNO	shift, and go to state 94
    OPMULT	shift, and go to state 143
    OPSUM	shift, and go to state 144
    OPSUS	shift, and go to state 145
    OPDIV	shift, and go to state 146
    OPMOD	shift, and go to state 147

    $default	reduce using rule 58 (operadoresaritasig)

    constsconsignoarit	go to state 148
    operadoressumasus	go to state 149
    operadoresarit	go to state 150



state 105

    operadoresaritasig  ->  OPSUMASIGN operacion .   (rule 56)
    operacion  ->  operacion . operadoresarit PARENTA operacion PARENTC   (rule 62)
    operacion  ->  operacion . operadoressumasus PARENTA operacion PARENTC   (rule 63)
    operacion  ->  operacion . operadoresarit valoroperacion   (rule 64)
    operacion  ->  operacion . operadoresarit constsconsignoarit   (rule 65)
    operacion  ->  operacion . constsconsignoarit   (rule 66)

    CTEREALSIGNO	shift, and go to state 92
    CTEENTSIGNO	shift, and go to state 94
    OPMULT	shift, and go to state 143
    OPSUM	shift, and go to state 144
    OPSUS	shift, and go to state 145
    OPDIV	shift, and go to state 146
    OPMOD	shift, and go to state 147

    $default	reduce using rule 56 (operadoresaritasig)

    constsconsignoarit	go to state 148
    operadoressumasus	go to state 149
    operadoresarit	go to state 150



state 106

    operadoresaritasig  ->  OPSUSASIGN operacion .   (rule 57)
    operacion  ->  operacion . operadoresarit PARENTA operacion PARENTC   (rule 62)
    operacion  ->  operacion . operadoressumasus PARENTA operacion PARENTC   (rule 63)
    operacion  ->  operacion . operadoresarit valoroperacion   (rule 64)
    operacion  ->  operacion . operadoresarit constsconsignoarit   (rule 65)
    operacion  ->  operacion . constsconsignoarit   (rule 66)

    CTEREALSIGNO	shift, and go to state 92
    CTEENTSIGNO	shift, and go to state 94
    OPMULT	shift, and go to state 143
    OPSUM	shift, and go to state 144
    OPSUS	shift, and go to state 145
    OPDIV	shift, and go to state 146
    OPMOD	shift, and go to state 147

    $default	reduce using rule 57 (operadoresaritasig)

    constsconsignoarit	go to state 148
    operadoressumasus	go to state 149
    operadoresarit	go to state 150



state 107

    declaracion2  ->  COMA . asignacion   (rule 45)

    NEW 	shift, and go to state 39
    ID  	shift, and go to state 40

    asignacion	go to state 151
    valorvector	go to state 48
    valorasigarit	go to state 49



state 108

    declaracion  ->  tipo ID PUNTOYCOMA .   (rule 36)

    $default	reduce using rule 36 (declaracion)



state 109

    declaracion  ->  tipo ID declaracion2 . PUNTOYCOMA   (rule 40)
    declaracion2  ->  declaracion2 . COMA asignacion   (rule 46)

    COMA	shift, and go to state 152
    PUNTOYCOMA	shift, and go to state 153



state 110

    declaracion  ->  tipo asignacion PUNTOYCOMA .   (rule 39)

    $default	reduce using rule 39 (declaracion)



state 111

    declaracion  ->  tipo asignacion declaracion2 . PUNTOYCOMA   (rule 42)
    declaracion2  ->  declaracion2 . COMA asignacion   (rule 46)

    COMA	shift, and go to state 152
    PUNTOYCOMA	shift, and go to state 154



state 112

    declaracion  ->  tipovector ID PUNTOYCOMA .   (rule 37)

    $default	reduce using rule 37 (declaracion)



state 113

    declaracion  ->  tipovector ID declaracion2 . PUNTOYCOMA   (rule 41)
    declaracion2  ->  declaracion2 . COMA asignacion   (rule 46)

    COMA	shift, and go to state 152
    PUNTOYCOMA	shift, and go to state 155



state 114

    declaracion  ->  tipovector asignacion PUNTOYCOMA .   (rule 38)

    $default	reduce using rule 38 (declaracion)



state 115

    declaracion  ->  tipovector asignacion declaracion2 . PUNTOYCOMA   (rule 43)
    declaracion2  ->  declaracion2 . COMA asignacion   (rule 46)

    COMA	shift, and go to state 152
    PUNTOYCOMA	shift, and go to state 156



state 116

    strucifelse  ->  ELSE LLAVEA . cerrarbloque   (rule 104)

    error	shift, and go to state 35
    IF  	shift, and go to state 36
    FOR 	shift, and go to state 37
    WHILE	shift, and go to state 38
    DOUBLE	shift, and go to state 16
    INT 	shift, and go to state 17
    STRING	shift, and go to state 18
    CHAR	shift, and go to state 19
    NEW 	shift, and go to state 39
    ID  	shift, and go to state 40
    LLAVEC	shift, and go to state 41

    cerrarbloque	go to state 157
    tipo	go to state 43
    tipovector	go to state 44
    bloque	go to state 45
    declaracion	go to state 46
    asignacion	go to state 47
    valorvector	go to state 48
    valorasigarit	go to state 49
    structfor	go to state 50
    structwhile	go to state 51
    strucif	go to state 52



state 117

    strucif  ->  IF PARENTA ID PARENTC . LLAVEA cerrarbloque   (rule 102)

    LLAVEA	shift, and go to state 158



state 118

    operadoreslogcompa  ->  IGUAL .   (rule 89)

    $default	reduce using rule 89 (operadoreslogcompa)



state 119

    operadoreslogarit  ->  OPMENORIGUAL .   (rule 90)

    $default	reduce using rule 90 (operadoreslogarit)



state 120

    operadoreslogarit  ->  OPMAYORIGUAL .   (rule 93)

    $default	reduce using rule 93 (operadoreslogarit)



state 121

    operadoreslogcompa  ->  OPDIFERENTE .   (rule 88)

    $default	reduce using rule 88 (operadoreslogcompa)



state 122

    operadoreslogarit  ->  OPMAYOR .   (rule 92)

    $default	reduce using rule 92 (operadoreslogarit)



state 123

    operadoreslogarit  ->  OPMENOR .   (rule 91)

    $default	reduce using rule 91 (operadoreslogarit)



state 124

    operadoreslogconcat  ->  OPY .   (rule 86)

    $default	reduce using rule 86 (operadoreslogconcat)



state 125

    operadoreslogconcat  ->  OPO .   (rule 87)

    $default	reduce using rule 87 (operadoreslogconcat)



state 126

    verificacion  ->  ID operadoreslogconcat . ID   (rule 83)

    ID  	shift, and go to state 159



state 127

    verificacion  ->  ID operadoreslogcompa . CTECADENA   (rule 81)
    verificacion  ->  ID operadoreslogcompa . operacion   (rule 82)

    CTEREALSIGNO	shift, and go to state 92
    CTEREALSINSIGNO	shift, and go to state 93
    CTEENTSIGNO	shift, and go to state 94
    CTEENTSINSIGNO	shift, and go to state 95
    CTECADENA	shift, and go to state 160
    ID  	shift, and go to state 97
    PARENTA	shift, and go to state 98

    operacion	go to state 161
    valoroperacion	go to state 100
    constssinsignoarit	go to state 101
    constsconsignoarit	go to state 102



state 128

    verificacion  ->  ID operadoreslogarit . operacion   (rule 80)

    CTEREALSIGNO	shift, and go to state 92
    CTEREALSINSIGNO	shift, and go to state 93
    CTEENTSIGNO	shift, and go to state 94
    CTEENTSINSIGNO	shift, and go to state 95
    ID  	shift, and go to state 97
    PARENTA	shift, and go to state 98

    operacion	go to state 162
    valoroperacion	go to state 100
    constssinsignoarit	go to state 101
    constsconsignoarit	go to state 102



state 129

    verificacion  ->  ID . operadoreslogarit operacion   (rule 80)
    verificacion  ->  ID . operadoreslogcompa CTECADENA   (rule 81)
    verificacion  ->  ID . operadoreslogcompa operacion   (rule 82)
    verificacion  ->  ID . operadoreslogconcat ID   (rule 83)

    IGUAL	shift, and go to state 118
    OPMENORIGUAL	shift, and go to state 119
    OPMAYORIGUAL	shift, and go to state 120
    OPDIFERENTE	shift, and go to state 121
    OPMAYOR	shift, and go to state 122
    OPMENOR	shift, and go to state 123
    OPY 	shift, and go to state 124
    OPO 	shift, and go to state 125

    operadoreslogconcat	go to state 126
    operadoreslogcompa	go to state 127
    operadoreslogarit	go to state 128



state 130

    verificacion  ->  PARENTA verificacion . PARENTC   (rule 84)

    PARENTC	shift, and go to state 163



state 131

    verificacion  ->  OPNO PARENTA . verificacion PARENTC   (rule 85)

    ID  	shift, and go to state 129
    PARENTA	shift, and go to state 82
    OPNO	shift, and go to state 83

    verificacion	go to state 164



state 132

    strucif  ->  IF PARENTA condicion PARENTC . LLAVEA cerrarbloque   (rule 101)

    LLAVEA	shift, and go to state 165



state 133

    condicion  ->  condicion operadoreslogconcat . verificacion   (rule 78)

    ID  	shift, and go to state 129
    PARENTA	shift, and go to state 82
    OPNO	shift, and go to state 83

    verificacion	go to state 166



state 134

    structfor  ->  FOR PARENTA tipo asignacion . PUNTOYCOMA for2   (rule 94)

    PUNTOYCOMA	shift, and go to state 167



state 135

    structfor  ->  FOR PARENTA asignacion PUNTOYCOMA . for2   (rule 95)

    ID  	shift, and go to state 129
    PARENTA	shift, and go to state 82
    OPNO	shift, and go to state 83

    condicion	go to state 168
    verificacion	go to state 85
    for2	go to state 169



state 136

    structwhile  ->  WHILE PARENTA ID PARENTC . LLAVEA cerrarbloque   (rule 100)

    LLAVEA	shift, and go to state 170



state 137

    structwhile  ->  WHILE PARENTA condicion PARENTC . LLAVEA cerrarbloque   (rule 99)

    LLAVEA	shift, and go to state 171



state 138

    dimensionval  ->  CORCHETEA CTEENTSIGNO . CORCHETEC   (rule 20)

    CORCHETEC	shift, and go to state 172



state 139

    dimensionval  ->  CORCHETEA CTEENTSINSIGNO . CORCHETEC   (rule 21)

    CORCHETEC	shift, and go to state 173



state 140

    dimensionval  ->  CORCHETEA ID . CORCHETEC   (rule 19)

    CORCHETEC	shift, and go to state 174



state 141

    dimensionval  ->  dimensionval CORCHETEA . CTEENTSIGNO CORCHETEC   (rule 22)
    dimensionval  ->  dimensionval CORCHETEA . CTEENTSINSIGNO CORCHETEC   (rule 23)
    dimensionval  ->  dimensionval CORCHETEA . ID CORCHETEC   (rule 24)

    CTEENTSIGNO	shift, and go to state 175
    CTEENTSINSIGNO	shift, and go to state 176
    ID  	shift, and go to state 177



state 142

    operacion  ->  PARENTA operacion . PARENTC   (rule 59)
    operacion  ->  operacion . operadoresarit PARENTA operacion PARENTC   (rule 62)
    operacion  ->  operacion . operadoressumasus PARENTA operacion PARENTC   (rule 63)
    operacion  ->  operacion . operadoresarit valoroperacion   (rule 64)
    operacion  ->  operacion . operadoresarit constsconsignoarit   (rule 65)
    operacion  ->  operacion . constsconsignoarit   (rule 66)

    CTEREALSIGNO	shift, and go to state 92
    CTEENTSIGNO	shift, and go to state 94
    OPMULT	shift, and go to state 143
    OPSUM	shift, and go to state 144
    OPSUS	shift, and go to state 145
    OPDIV	shift, and go to state 146
    OPMOD	shift, and go to state 147
    PARENTC	shift, and go to state 178

    constsconsignoarit	go to state 148
    operadoressumasus	go to state 149
    operadoresarit	go to state 150



state 143

    operadoresarit  ->  OPMULT .   (rule 75)

    $default	reduce using rule 75 (operadoresarit)



state 144

    operadoressumasus  ->  OPSUM .   (rule 73)

    $default	reduce using rule 73 (operadoressumasus)



state 145

    operadoressumasus  ->  OPSUS .   (rule 74)

    $default	reduce using rule 74 (operadoressumasus)



state 146

    operadoresarit  ->  OPDIV .   (rule 76)

    $default	reduce using rule 76 (operadoresarit)



state 147

    operadoresarit  ->  OPMOD .   (rule 77)

    $default	reduce using rule 77 (operadoresarit)



state 148

    operacion  ->  operacion constsconsignoarit .   (rule 66)

    $default	reduce using rule 66 (operacion)



state 149

    operacion  ->  operacion operadoressumasus . PARENTA operacion PARENTC   (rule 63)

    PARENTA	shift, and go to state 179



state 150

    operacion  ->  operacion operadoresarit . PARENTA operacion PARENTC   (rule 62)
    operacion  ->  operacion operadoresarit . valoroperacion   (rule 64)
    operacion  ->  operacion operadoresarit . constsconsignoarit   (rule 65)

    CTEREALSIGNO	shift, and go to state 92
    CTEREALSINSIGNO	shift, and go to state 93
    CTEENTSIGNO	shift, and go to state 94
    CTEENTSINSIGNO	shift, and go to state 95
    ID  	shift, and go to state 97
    PARENTA	shift, and go to state 180

    valoroperacion	go to state 181
    constssinsignoarit	go to state 101
    constsconsignoarit	go to state 182



state 151

    declaracion2  ->  COMA asignacion .   (rule 45)

    $default	reduce using rule 45 (declaracion2)



state 152

    declaracion2  ->  declaracion2 COMA . asignacion   (rule 46)

    NEW 	shift, and go to state 39
    ID  	shift, and go to state 40

    asignacion	go to state 183
    valorvector	go to state 48
    valorasigarit	go to state 49



state 153

    declaracion  ->  tipo ID declaracion2 PUNTOYCOMA .   (rule 40)

    $default	reduce using rule 40 (declaracion)



state 154

    declaracion  ->  tipo asignacion declaracion2 PUNTOYCOMA .   (rule 42)

    $default	reduce using rule 42 (declaracion)



state 155

    declaracion  ->  tipovector ID declaracion2 PUNTOYCOMA .   (rule 41)

    $default	reduce using rule 41 (declaracion)



state 156

    declaracion  ->  tipovector asignacion declaracion2 PUNTOYCOMA .   (rule 43)

    $default	reduce using rule 43 (declaracion)



state 157

    strucifelse  ->  ELSE LLAVEA cerrarbloque .   (rule 104)

    $default	reduce using rule 104 (strucifelse)



state 158

    strucif  ->  IF PARENTA ID PARENTC LLAVEA . cerrarbloque   (rule 102)

    error	shift, and go to state 35
    IF  	shift, and go to state 36
    FOR 	shift, and go to state 37
    WHILE	shift, and go to state 38
    DOUBLE	shift, and go to state 16
    INT 	shift, and go to state 17
    STRING	shift, and go to state 18
    CHAR	shift, and go to state 19
    NEW 	shift, and go to state 39
    ID  	shift, and go to state 40
    LLAVEC	shift, and go to state 41

    cerrarbloque	go to state 184
    tipo	go to state 43
    tipovector	go to state 44
    bloque	go to state 45
    declaracion	go to state 46
    asignacion	go to state 47
    valorvector	go to state 48
    valorasigarit	go to state 49
    structfor	go to state 50
    structwhile	go to state 51
    strucif	go to state 52



state 159

    verificacion  ->  ID operadoreslogconcat ID .   (rule 83)

    $default	reduce using rule 83 (verificacion)



state 160

    verificacion  ->  ID operadoreslogcompa CTECADENA .   (rule 81)

    $default	reduce using rule 81 (verificacion)



state 161

    operacion  ->  operacion . operadoresarit PARENTA operacion PARENTC   (rule 62)
    operacion  ->  operacion . operadoressumasus PARENTA operacion PARENTC   (rule 63)
    operacion  ->  operacion . operadoresarit valoroperacion   (rule 64)
    operacion  ->  operacion . operadoresarit constsconsignoarit   (rule 65)
    operacion  ->  operacion . constsconsignoarit   (rule 66)
    verificacion  ->  ID operadoreslogcompa operacion .   (rule 82)

    CTEREALSIGNO	shift, and go to state 92
    CTEENTSIGNO	shift, and go to state 94
    OPMULT	shift, and go to state 143
    OPSUM	shift, and go to state 144
    OPSUS	shift, and go to state 145
    OPDIV	shift, and go to state 146
    OPMOD	shift, and go to state 147

    $default	reduce using rule 82 (verificacion)

    constsconsignoarit	go to state 148
    operadoressumasus	go to state 149
    operadoresarit	go to state 150



state 162

    operacion  ->  operacion . operadoresarit PARENTA operacion PARENTC   (rule 62)
    operacion  ->  operacion . operadoressumasus PARENTA operacion PARENTC   (rule 63)
    operacion  ->  operacion . operadoresarit valoroperacion   (rule 64)
    operacion  ->  operacion . operadoresarit constsconsignoarit   (rule 65)
    operacion  ->  operacion . constsconsignoarit   (rule 66)
    verificacion  ->  ID operadoreslogarit operacion .   (rule 80)

    CTEREALSIGNO	shift, and go to state 92
    CTEENTSIGNO	shift, and go to state 94
    OPMULT	shift, and go to state 143
    OPSUM	shift, and go to state 144
    OPSUS	shift, and go to state 145
    OPDIV	shift, and go to state 146
    OPMOD	shift, and go to state 147

    $default	reduce using rule 80 (verificacion)

    constsconsignoarit	go to state 148
    operadoressumasus	go to state 149
    operadoresarit	go to state 150



state 163

    verificacion  ->  PARENTA verificacion PARENTC .   (rule 84)

    $default	reduce using rule 84 (verificacion)



state 164

    verificacion  ->  OPNO PARENTA verificacion . PARENTC   (rule 85)

    PARENTC	shift, and go to state 185



state 165

    strucif  ->  IF PARENTA condicion PARENTC LLAVEA . cerrarbloque   (rule 101)

    error	shift, and go to state 35
    IF  	shift, and go to state 36
    FOR 	shift, and go to state 37
    WHILE	shift, and go to state 38
    DOUBLE	shift, and go to state 16
    INT 	shift, and go to state 17
    STRING	shift, and go to state 18
    CHAR	shift, and go to state 19
    NEW 	shift, and go to state 39
    ID  	shift, and go to state 40
    LLAVEC	shift, and go to state 41

    cerrarbloque	go to state 186
    tipo	go to state 43
    tipovector	go to state 44
    bloque	go to state 45
    declaracion	go to state 46
    asignacion	go to state 47
    valorvector	go to state 48
    valorasigarit	go to state 49
    structfor	go to state 50
    structwhile	go to state 51
    strucif	go to state 52



state 166

    condicion  ->  condicion operadoreslogconcat verificacion .   (rule 78)

    $default	reduce using rule 78 (condicion)



state 167

    structfor  ->  FOR PARENTA tipo asignacion PUNTOYCOMA . for2   (rule 94)

    ID  	shift, and go to state 129
    PARENTA	shift, and go to state 82
    OPNO	shift, and go to state 83

    condicion	go to state 168
    verificacion	go to state 85
    for2	go to state 187



state 168

    condicion  ->  condicion . operadoreslogconcat verificacion   (rule 78)
    for2  ->  condicion . PUNTOYCOMA valorasigarit PARENTC LLAVEA for3   (rule 96)

    PUNTOYCOMA	shift, and go to state 188
    OPY 	shift, and go to state 124
    OPO 	shift, and go to state 125

    operadoreslogconcat	go to state 133



state 169

    structfor  ->  FOR PARENTA asignacion PUNTOYCOMA for2 .   (rule 95)

    $default	reduce using rule 95 (structfor)



state 170

    structwhile  ->  WHILE PARENTA ID PARENTC LLAVEA . cerrarbloque   (rule 100)

    error	shift, and go to state 35
    IF  	shift, and go to state 36
    FOR 	shift, and go to state 37
    WHILE	shift, and go to state 38
    DOUBLE	shift, and go to state 16
    INT 	shift, and go to state 17
    STRING	shift, and go to state 18
    CHAR	shift, and go to state 19
    NEW 	shift, and go to state 39
    ID  	shift, and go to state 40
    LLAVEC	shift, and go to state 41

    cerrarbloque	go to state 189
    tipo	go to state 43
    tipovector	go to state 44
    bloque	go to state 45
    declaracion	go to state 46
    asignacion	go to state 47
    valorvector	go to state 48
    valorasigarit	go to state 49
    structfor	go to state 50
    structwhile	go to state 51
    strucif	go to state 52



state 171

    structwhile  ->  WHILE PARENTA condicion PARENTC LLAVEA . cerrarbloque   (rule 99)

    error	shift, and go to state 35
    IF  	shift, and go to state 36
    FOR 	shift, and go to state 37
    WHILE	shift, and go to state 38
    DOUBLE	shift, and go to state 16
    INT 	shift, and go to state 17
    STRING	shift, and go to state 18
    CHAR	shift, and go to state 19
    NEW 	shift, and go to state 39
    ID  	shift, and go to state 40
    LLAVEC	shift, and go to state 41

    cerrarbloque	go to state 190
    tipo	go to state 43
    tipovector	go to state 44
    bloque	go to state 45
    declaracion	go to state 46
    asignacion	go to state 47
    valorvector	go to state 48
    valorasigarit	go to state 49
    structfor	go to state 50
    structwhile	go to state 51
    strucif	go to state 52



state 172

    dimensionval  ->  CORCHETEA CTEENTSIGNO CORCHETEC .   (rule 20)

    $default	reduce using rule 20 (dimensionval)



state 173

    dimensionval  ->  CORCHETEA CTEENTSINSIGNO CORCHETEC .   (rule 21)

    $default	reduce using rule 21 (dimensionval)



state 174

    dimensionval  ->  CORCHETEA ID CORCHETEC .   (rule 19)

    $default	reduce using rule 19 (dimensionval)



state 175

    dimensionval  ->  dimensionval CORCHETEA CTEENTSIGNO . CORCHETEC   (rule 22)

    CORCHETEC	shift, and go to state 191



state 176

    dimensionval  ->  dimensionval CORCHETEA CTEENTSINSIGNO . CORCHETEC   (rule 23)

    CORCHETEC	shift, and go to state 192



state 177

    dimensionval  ->  dimensionval CORCHETEA ID . CORCHETEC   (rule 24)

    CORCHETEC	shift, and go to state 193



state 178

    operacion  ->  PARENTA operacion PARENTC .   (rule 59)

    $default	reduce using rule 59 (operacion)



state 179

    operacion  ->  operacion operadoressumasus PARENTA . operacion PARENTC   (rule 63)

    CTEREALSIGNO	shift, and go to state 92
    CTEREALSINSIGNO	shift, and go to state 93
    CTEENTSIGNO	shift, and go to state 94
    CTEENTSINSIGNO	shift, and go to state 95
    ID  	shift, and go to state 97
    PARENTA	shift, and go to state 98

    operacion	go to state 194
    valoroperacion	go to state 100
    constssinsignoarit	go to state 101
    constsconsignoarit	go to state 102



state 180

    operacion  ->  operacion operadoresarit PARENTA . operacion PARENTC   (rule 62)

    CTEREALSIGNO	shift, and go to state 92
    CTEREALSINSIGNO	shift, and go to state 93
    CTEENTSIGNO	shift, and go to state 94
    CTEENTSINSIGNO	shift, and go to state 95
    ID  	shift, and go to state 97
    PARENTA	shift, and go to state 98

    operacion	go to state 195
    valoroperacion	go to state 100
    constssinsignoarit	go to state 101
    constsconsignoarit	go to state 102



state 181

    operacion  ->  operacion operadoresarit valoroperacion .   (rule 64)

    $default	reduce using rule 64 (operacion)



state 182

    operacion  ->  operacion operadoresarit constsconsignoarit .   (rule 65)

    $default	reduce using rule 65 (operacion)



state 183

    declaracion2  ->  declaracion2 COMA asignacion .   (rule 46)

    $default	reduce using rule 46 (declaracion2)



state 184

    strucif  ->  IF PARENTA ID PARENTC LLAVEA cerrarbloque .   (rule 102)

    $default	reduce using rule 102 (strucif)



state 185

    verificacion  ->  OPNO PARENTA verificacion PARENTC .   (rule 85)

    $default	reduce using rule 85 (verificacion)



state 186

    strucif  ->  IF PARENTA condicion PARENTC LLAVEA cerrarbloque .   (rule 101)

    $default	reduce using rule 101 (strucif)



state 187

    structfor  ->  FOR PARENTA tipo asignacion PUNTOYCOMA for2 .   (rule 94)

    $default	reduce using rule 94 (structfor)



state 188

    for2  ->  condicion PUNTOYCOMA . valorasigarit PARENTC LLAVEA for3   (rule 96)

    ID  	shift, and go to state 196

    valorasigarit	go to state 197



state 189

    structwhile  ->  WHILE PARENTA ID PARENTC LLAVEA cerrarbloque .   (rule 100)

    $default	reduce using rule 100 (structwhile)



state 190

    structwhile  ->  WHILE PARENTA condicion PARENTC LLAVEA cerrarbloque .   (rule 99)

    $default	reduce using rule 99 (structwhile)



state 191

    dimensionval  ->  dimensionval CORCHETEA CTEENTSIGNO CORCHETEC .   (rule 22)

    $default	reduce using rule 22 (dimensionval)



state 192

    dimensionval  ->  dimensionval CORCHETEA CTEENTSINSIGNO CORCHETEC .   (rule 23)

    $default	reduce using rule 23 (dimensionval)



state 193

    dimensionval  ->  dimensionval CORCHETEA ID CORCHETEC .   (rule 24)

    $default	reduce using rule 24 (dimensionval)



state 194

    operacion  ->  operacion . operadoresarit PARENTA operacion PARENTC   (rule 62)
    operacion  ->  operacion . operadoressumasus PARENTA operacion PARENTC   (rule 63)
    operacion  ->  operacion operadoressumasus PARENTA operacion . PARENTC   (rule 63)
    operacion  ->  operacion . operadoresarit valoroperacion   (rule 64)
    operacion  ->  operacion . operadoresarit constsconsignoarit   (rule 65)
    operacion  ->  operacion . constsconsignoarit   (rule 66)

    CTEREALSIGNO	shift, and go to state 92
    CTEENTSIGNO	shift, and go to state 94
    OPMULT	shift, and go to state 143
    OPSUM	shift, and go to state 144
    OPSUS	shift, and go to state 145
    OPDIV	shift, and go to state 146
    OPMOD	shift, and go to state 147
    PARENTC	shift, and go to state 198

    constsconsignoarit	go to state 148
    operadoressumasus	go to state 149
    operadoresarit	go to state 150



state 195

    operacion  ->  operacion . operadoresarit PARENTA operacion PARENTC   (rule 62)
    operacion  ->  operacion operadoresarit PARENTA operacion . PARENTC   (rule 62)
    operacion  ->  operacion . operadoressumasus PARENTA operacion PARENTC   (rule 63)
    operacion  ->  operacion . operadoresarit valoroperacion   (rule 64)
    operacion  ->  operacion . operadoresarit constsconsignoarit   (rule 65)
    operacion  ->  operacion . constsconsignoarit   (rule 66)

    CTEREALSIGNO	shift, and go to state 92
    CTEENTSIGNO	shift, and go to state 94
    OPMULT	shift, and go to state 143
    OPSUM	shift, and go to state 144
    OPSUS	shift, and go to state 145
    OPDIV	shift, and go to state 146
    OPMOD	shift, and go to state 147
    PARENTC	shift, and go to state 199

    constsconsignoarit	go to state 148
    operadoressumasus	go to state 149
    operadoresarit	go to state 150



state 196

    valorasigarit  ->  ID . operadoresaritasig   (rule 51)
    valorasigarit  ->  ID . OPMASMAS   (rule 52)
    valorasigarit  ->  ID . OPASIGN operacion   (rule 53)
    valorasigarit  ->  ID . OPMENOSMENOS   (rule 54)

    OPASIGN	shift, and go to state 200
    OPMASMAS	shift, and go to state 62
    OPMENOSMENOS	shift, and go to state 63
    OPPORASIGN	shift, and go to state 64
    OPDIVASIGN	shift, and go to state 65
    OPSUMASIGN	shift, and go to state 66
    OPSUSASIGN	shift, and go to state 67

    operadoresaritasig	go to state 68



state 197

    for2  ->  condicion PUNTOYCOMA valorasigarit . PARENTC LLAVEA for3   (rule 96)

    PARENTC	shift, and go to state 201



state 198

    operacion  ->  operacion operadoressumasus PARENTA operacion PARENTC .   (rule 63)

    $default	reduce using rule 63 (operacion)



state 199

    operacion  ->  operacion operadoresarit PARENTA operacion PARENTC .   (rule 62)

    $default	reduce using rule 62 (operacion)



state 200

    valorasigarit  ->  ID OPASIGN . operacion   (rule 53)

    CTEREALSIGNO	shift, and go to state 92
    CTEREALSINSIGNO	shift, and go to state 93
    CTEENTSIGNO	shift, and go to state 94
    CTEENTSINSIGNO	shift, and go to state 95
    ID  	shift, and go to state 97
    PARENTA	shift, and go to state 98

    operacion	go to state 99
    valoroperacion	go to state 100
    constssinsignoarit	go to state 101
    constsconsignoarit	go to state 102



state 201

    for2  ->  condicion PUNTOYCOMA valorasigarit PARENTC . LLAVEA for3   (rule 96)

    LLAVEA	shift, and go to state 202



state 202

    for2  ->  condicion PUNTOYCOMA valorasigarit PARENTC LLAVEA . for3   (rule 96)

    error	shift, and go to state 35
    IF  	shift, and go to state 36
    FOR 	shift, and go to state 37
    WHILE	shift, and go to state 38
    DOUBLE	shift, and go to state 16
    INT 	shift, and go to state 17
    STRING	shift, and go to state 18
    CHAR	shift, and go to state 19
    NEW 	shift, and go to state 39
    ID  	shift, and go to state 40
    LLAVEC	shift, and go to state 203

    tipo	go to state 43
    tipovector	go to state 44
    bloque	go to state 204
    declaracion	go to state 46
    asignacion	go to state 47
    valorvector	go to state 48
    valorasigarit	go to state 49
    structfor	go to state 50
    for3	go to state 205
    structwhile	go to state 51
    strucif	go to state 52



state 203

    for3  ->  LLAVEC .   (rule 98)

    $default	reduce using rule 98 (for3)



state 204

    bloque  ->  bloque . declaracion   (rule 31)
    bloque  ->  bloque . structfor   (rule 32)
    bloque  ->  bloque . structwhile   (rule 33)
    bloque  ->  bloque . strucif   (rule 34)
    for3  ->  bloque . LLAVEC   (rule 97)

    IF  	shift, and go to state 36
    FOR 	shift, and go to state 37
    WHILE	shift, and go to state 38
    DOUBLE	shift, and go to state 16
    INT 	shift, and go to state 17
    STRING	shift, and go to state 18
    CHAR	shift, and go to state 19
    NEW 	shift, and go to state 39
    ID  	shift, and go to state 40
    LLAVEC	shift, and go to state 206

    tipo	go to state 43
    tipovector	go to state 44
    declaracion	go to state 74
    asignacion	go to state 47
    valorvector	go to state 48
    valorasigarit	go to state 49
    structfor	go to state 75
    structwhile	go to state 76
    strucif	go to state 77



state 205

    for2  ->  condicion PUNTOYCOMA valorasigarit PARENTC LLAVEA for3 .   (rule 96)

    $default	reduce using rule 96 (for2)



state 206

    for3  ->  bloque LLAVEC .   (rule 97)

    $default	reduce using rule 97 (for3)



state 207

    $   	go to state 208



state 208

    $   	go to state 209



state 209

    $default	accept
